This is pdfTeX, Version 3.141592653-2.6-1.40.23 (TeX Live 2021/Arch Linux) (preloaded format=pdflatex 2022.1.6)  14 FEB 2022 15:45
entering extended mode
 restricted \write18 enabled.
 file:line:error style messages enabled.
 %&-line parsing enabled.
**internalCompletenessAndSoundness.tex
(./internalCompletenessAndSoundness.tex
LaTeX2e <2021-11-15> patch level 1
L3 programming layer <2021-11-22>
./internalCompletenessAndSoundness.tex:1: Undefined control sequence.
l.1 \subsection
               {Ring Structures}
The control sequence at the end of the top line
of your error message was never \def'ed. If you have
misspelled it (e.g., `\hobx'), type `I' and the correct
spelling (e.g., `I\hbox'). Otherwise just continue,
and I'll forget about whatever was undefined.


./internalCompletenessAndSoundness.tex:1: LaTeX Error: Missing \begin{document}
.

See the LaTeX manual or LaTeX Companion for explanation.
Type  H <return>  for immediate help.
 ...                                              
                                                  
l.1 \subsection{R
                 ing Structures}
You're in trouble here.  Try typing  <return>  to proceed.
If that doesn't work, type  X <return>  to quit.

Missing character: There is no R in font nullfont!
Missing character: There is no i in font nullfont!
Missing character: There is no n in font nullfont!
Missing character: There is no g in font nullfont!
Missing character: There is no S in font nullfont!
Missing character: There is no t in font nullfont!
Missing character: There is no r in font nullfont!
Missing character: There is no u in font nullfont!
Missing character: There is no c in font nullfont!
Missing character: There is no t in font nullfont!
Missing character: There is no u in font nullfont!
Missing character: There is no r in font nullfont!
Missing character: There is no e in font nullfont!
Missing character: There is no s in font nullfont!

Overfull \hbox (20.0pt too wide) in paragraph at lines 1--2
[]
 []


./internalCompletenessAndSoundness.tex:3: LaTeX Error: Missing \begin{document}
.

See the LaTeX manual or LaTeX Companion for explanation.
Type  H <return>  for immediate help.
 ...                                              
                                                  
l.3 W
     e first make the very obvious observation that given
You're in trouble here.  Try typing  <return>  to proceed.
If that doesn't work, type  X <return>  to quit.

Missing character: There is no W in font nullfont!
Missing character: There is no e in font nullfont!
Missing character: There is no f in font nullfont!
Missing character: There is no i in font nullfont!
Missing character: There is no r in font nullfont!
Missing character: There is no s in font nullfont!
Missing character: There is no t in font nullfont!
Missing character: There is no m in font nullfont!
Missing character: There is no a in font nullfont!
Missing character: There is no k in font nullfont!
Missing character: There is no e in font nullfont!
Missing character: There is no t in font nullfont!
Missing character: There is no h in font nullfont!
Missing character: There is no e in font nullfont!
Missing character: There is no v in font nullfont!
Missing character: There is no e in font nullfont!
Missing character: There is no r in font nullfont!
Missing character: There is no y in font nullfont!
Missing character: There is no o in font nullfont!
Missing character: There is no b in font nullfont!
Missing character: There is no v in font nullfont!
Missing character: There is no i in font nullfont!
Missing character: There is no o in font nullfont!
Missing character: There is no u in font nullfont!
Missing character: There is no s in font nullfont!
Missing character: There is no o in font nullfont!
Missing character: There is no b in font nullfont!
Missing character: There is no s in font nullfont!
Missing character: There is no e in font nullfont!
Missing character: There is no r in font nullfont!
Missing character: There is no v in font nullfont!
Missing character: There is no a in font nullfont!
Missing character: There is no t in font nullfont!
Missing character: There is no i in font nullfont!
Missing character: There is no o in font nullfont!
Missing character: There is no n in font nullfont!
Missing character: There is no t in font nullfont!
Missing character: There is no h in font nullfont!
Missing character: There is no a in font nullfont!
Missing character: There is no t in font nullfont!
Missing character: There is no g in font nullfont!
Missing character: There is no i in font nullfont!
Missing character: There is no v in font nullfont!
Missing character: There is no e in font nullfont!
Missing character: There is no n in font nullfont!
Missing character: There is no t in font nullfont!
Missing character: There is no h in font nullfont!
Missing character: There is no e in font nullfont!
Missing character: There is no i in font nullfont!
Missing character: There is no n in font nullfont!
Missing character: There is no s in font nullfont!
Missing character: There is no t in font nullfont!
Missing character: There is no a in font nullfont!
Missing character: There is no n in font nullfont!
Missing character: There is no c in font nullfont!
Missing character: There is no e in font nullfont!
Missing character: There is no s in font nullfont!
Missing character: There is no o in font nullfont!
Missing character: There is no f in font nullfont!
Missing character: There is no a in font nullfont!
Missing character: There is no n in font nullfont!
Missing character: There is no d in font nullfont!
Missing character: There is no i in font nullfont!
Missing character: There is no n in font nullfont!
Missing character: There is no s in font nullfont!
Missing character: There is no o in font nullfont!
Missing character: There is no m in font nullfont!
Missing character: There is no e in font nullfont!
Missing character: There is no t in font nullfont!
Missing character: There is no y in font nullfont!
Missing character: There is no p in font nullfont!
Missing character: There is no e in font nullfont!
Missing character: There is no , in font nullfont!
Missing character: There is no w in font nullfont!
Missing character: There is no e in font nullfont!
Missing character: There is no c in font nullfont!
Missing character: There is no a in font nullfont!
Missing character: There is no n in font nullfont!
Missing character: There is no m in font nullfont!
Missing character: There is no a in font nullfont!
Missing character: There is no k in font nullfont!
Missing character: There is no e in font nullfont!
Missing character: There is no i in font nullfont!
Missing character: There is no n in font nullfont!
Missing character: There is no t in font nullfont!
Missing character: There is no e in font nullfont!
Missing character: There is no r in font nullfont!
Missing character: There is no p in font nullfont!
Missing character: There is no r in font nullfont!
Missing character: There is no e in font nullfont!
Missing character: There is no t in font nullfont!
Missing character: There is no a in font nullfont!
Missing character: There is no t in font nullfont!
Missing character: There is no i in font nullfont!
Missing character: There is no o in font nullfont!
Missing character: There is no n in font nullfont!
Missing character: There is no s in font nullfont!
Missing character: There is no o in font nullfont!
Missing character: There is no f in font nullfont!
Missing character: There is no t in font nullfont!
Missing character: There is no h in font nullfont!
Missing character: There is no e in font nullfont!
Missing character: There is no s in font nullfont!
Missing character: There is no y in font nullfont!
Missing character: There is no m in font nullfont!
Missing character: There is no b in font nullfont!
Missing character: There is no o in font nullfont!
Missing character: There is no l in font nullfont!
Missing character: There is no s in font nullfont!
Missing character: There is no a in font nullfont!
Missing character: There is no n in font nullfont!
Missing character: There is no d in font nullfont!
Missing character: There is no . in font nullfont!
Missing character: There is no S in font nullfont!
Missing character: There is no i in font nullfont!
Missing character: There is no m in font nullfont!
Missing character: There is no i in font nullfont!
Missing character: There is no l in font nullfont!
Missing character: There is no a in font nullfont!
Missing character: There is no r in font nullfont!
Missing character: There is no l in font nullfont!
Missing character: There is no y in font nullfont!
Missing character: There is no f in font nullfont!
Missing character: There is no o in font nullfont!
Missing character: There is no r in font nullfont!
Missing character: There is no t in font nullfont!
Missing character: There is no h in font nullfont!
Missing character: There is no e in font nullfont!
Missing character: There is no o in font nullfont!
Missing character: There is no t in font nullfont!
Missing character: There is no h in font nullfont!
Missing character: There is no e in font nullfont!
Missing character: There is no r in font nullfont!
Missing character: There is no s in font nullfont!
Missing character: There is no y in font nullfont!
Missing character: There is no m in font nullfont!
Missing character: There is no b in font nullfont!
Missing character: There is no o in font nullfont!
Missing character: There is no l in font nullfont!
Missing character: There is no s in font nullfont!
Missing character: There is no : in font nullfont!

Overfull \hbox (20.0pt too wide) in paragraph at lines 3--9
[]
 []


Overfull \hbox (20.99982pt too wide) in paragraph at lines 3--9
\OT1/cmtt/m/n/10 lean
 []


Overfull \hbox (51.02954pt too wide) in paragraph at lines 3--9
\OT1/cmtt/m/n/10 [has[]zero]
 []


Overfull \hbox (45.77959pt too wide) in paragraph at lines 3--9
\OT1/cmtt/m/n/10 [has[]one]
 []


Overfull \hbox (5.24995pt too wide) in paragraph at lines 3--9
\OT1/cmtt/m/n/10 A
 []


Overfull \hbox (82.52927pt too wide) in paragraph at lines 3--9
\OT1/cmtt/m/n/10 ring[]consts.zero
 []


Overfull \hbox (77.27931pt too wide) in paragraph at lines 3--9
\OT1/cmtt/m/n/10 ring[]consts.one
 []


./internalCompletenessAndSoundness.tex:10: LaTeX Error: Environment lstlisting 
undefined.

See the LaTeX manual or LaTeX Companion for explanation.
Type  H <return>  for immediate help.
 ...                                              
                                                  
l.10 \begin{lstlisting}
                       
Your command was ignored.
Type  I <command> <return>  to replace it with another command,
or  <return>  to continue without it.


./internalCompletenessAndSoundness.tex:11: LaTeX Error: Missing \begin{document
}.

See the LaTeX manual or LaTeX Companion for explanation.
Type  H <return>  for immediate help.
 ...                                              
                                                  
l.11 d
      ef const_map [has_zero A] [has_one A] : ring_consts → dvector A 0 → A

You're in trouble here.  Try typing  <return>  to proceed.
If that doesn't work, type  X <return>  to quit.

Missing character: There is no d in font nullfont!
Missing character: There is no e in font nullfont!
Missing character: There is no f in font nullfont!
Missing character: There is no c in font nullfont!
Missing character: There is no o in font nullfont!
Missing character: There is no n in font nullfont!
Missing character: There is no s in font nullfont!
Missing character: There is no t in font nullfont!
./internalCompletenessAndSoundness.tex:11: Missing $ inserted.
<inserted text> 
                $
l.11 def const_
               map [has_zero A] [has_one A] : ring_consts → dvector A 0 → A
I've inserted a begin-math/end-math symbol since I think
you left one out. Proceed, with fingers crossed.

LaTeX Font Info:    External font `cmex10' loaded for size
(Font)              <7> on input line 11.
LaTeX Font Info:    External font `cmex10' loaded for size
(Font)              <5> on input line 11.

LaTeX Warning: Command \textrightarrow invalid in math mode on input line 11.


LaTeX Warning: Command \textrightarrow invalid in math mode on input line 11.


LaTeX Warning: Command \textrightarrow invalid in math mode on input line 11.


LaTeX Warning: Command \textrightarrow invalid in math mode on input line 11.

./internalCompletenessAndSoundness.tex:14: Missing $ inserted.
<inserted text> 
                $
l.14 
     
I've inserted a begin-math/end-math symbol since I think
you left one out. Proceed, with fingers crossed.


Overfull \hbox (20.0pt too wide) in paragraph at lines 11--14
[]
 []


Overfull \hbox (115.05624pt too wide) in paragraph at lines 11--14
[]\OML/cmm/m/it/10 ap\OT1/cmr/m/n/10 [\OML/cmm/m/it/10 has[]eroA\OT1/cmr/m/n/10
 ][\OML/cmm/m/it/10 has[]neA\OT1/cmr/m/n/10 ] :
 []


Overfull \hbox (194.73257pt too wide) in paragraph at lines 11--14
\OML/cmm/m/it/10 ring[]onsts\OT1/cmr/m/n/10 ^^Y\OML/cmm/m/it/10 dvectorA\OT1/cm
r/m/n/10 0^^Y\OML/cmm/m/it/10 A\OMS/cmsy/m/n/10 j\OML/cmm/m/it/10 ring[]onsts:z
ero[] \OT1/cmr/m/n/10 =
 []


Overfull \hbox (86.29681pt too wide) in paragraph at lines 11--14
\OT1/cmr/m/n/10 0\OMS/cmsy/m/n/10 j\OML/cmm/m/it/10 ring[]onsts:one[] \OT1/cmr/
m/n/10 =
 []


Overfull \hbox (5.00002pt too wide) in paragraph at lines 11--14
\OT1/cmr/m/n/10 1$ 
 []


./internalCompletenessAndSoundness.tex:15: LaTeX Error: Missing \begin{document
}.

See the LaTeX manual or LaTeX Companion for explanation.
Type  H <return>  for immediate help.
 ...                                              
                                                  
l.15 d
      ef unaries_map [has_neg A] : ring_unaries → (dvector A 1) → A
You're in trouble here.  Try typing  <return>  to proceed.
If that doesn't work, type  X <return>  to quit.

Missing character: There is no d in font nullfont!
Missing character: There is no e in font nullfont!
Missing character: There is no f in font nullfont!
Missing character: There is no u in font nullfont!
Missing character: There is no n in font nullfont!
Missing character: There is no a in font nullfont!
Missing character: There is no r in font nullfont!
Missing character: There is no i in font nullfont!
Missing character: There is no e in font nullfont!
Missing character: There is no s in font nullfont!
./internalCompletenessAndSoundness.tex:15: Missing $ inserted.
<inserted text> 
                $
l.15 def unaries_
                 map [has_neg A] : ring_unaries → (dvector A 1) → A
I've inserted a begin-math/end-math symbol since I think
you left one out. Proceed, with fingers crossed.


LaTeX Warning: Command \textrightarrow invalid in math mode on input line 15.


LaTeX Warning: Command \textrightarrow invalid in math mode on input line 15.


LaTeX Warning: Command \textrightarrow invalid in math mode on input line 15.


LaTeX Warning: Command \textrightarrow invalid in math mode on input line 15.

./internalCompletenessAndSoundness.tex:17: Missing $ inserted.
<inserted text> 
                $
l.17 
     
I've inserted a begin-math/end-math symbol since I think
you left one out. Proceed, with fingers crossed.


Overfull \hbox (20.0pt too wide) in paragraph at lines 15--17
[]
 []


Overfull \hbox (67.48737pt too wide) in paragraph at lines 15--17
[]\OML/cmm/m/it/10 ap\OT1/cmr/m/n/10 [\OML/cmm/m/it/10 has[]egA\OT1/cmr/m/n/10 
] :
 []


Overfull \hbox (216.5843pt too wide) in paragraph at lines 15--17
\OML/cmm/m/it/10 ring[]naries\OT1/cmr/m/n/10 ^^Y(\OML/cmm/m/it/10 dvectorA\OT1/
cmr/m/n/10 1)^^Y\OML/cmm/m/it/10 A\OMS/cmsy/m/n/10 j\OML/cmm/m/it/10 ring[]nari
es:nega \OT1/cmr/m/n/10 :=
 []


Overfull \hbox (72.4712pt too wide) in paragraph at lines 15--17
\OMS/cmsy/m/n/10 ^^@\OT1/cmr/m/n/10 (\OML/cmm/m/it/10 dvector:lasta\OT1/cmr/m/n
/10 )$ 
 []


./internalCompletenessAndSoundness.tex:18: LaTeX Error: Missing \begin{document
}.

See the LaTeX manual or LaTeX Companion for explanation.
Type  H <return>  for immediate help.
 ...                                              
                                                  
l.18 -
      - Induction on both ring_binaries and dvector
You're in trouble here.  Try typing  <return>  to proceed.
If that doesn't work, type  X <return>  to quit.

Missing character: There is no - in font nullfont!
Missing character: There is no - in font nullfont!
Missing character: There is no I in font nullfont!
Missing character: There is no n in font nullfont!
Missing character: There is no d in font nullfont!
Missing character: There is no u in font nullfont!
Missing character: There is no c in font nullfont!
Missing character: There is no t in font nullfont!
Missing character: There is no i in font nullfont!
Missing character: There is no o in font nullfont!
Missing character: There is no n in font nullfont!
Missing character: There is no o in font nullfont!
Missing character: There is no n in font nullfont!
Missing character: There is no b in font nullfont!
Missing character: There is no o in font nullfont!
Missing character: There is no t in font nullfont!
Missing character: There is no h in font nullfont!
Missing character: There is no r in font nullfont!
Missing character: There is no i in font nullfont!
Missing character: There is no n in font nullfont!
Missing character: There is no g in font nullfont!
./internalCompletenessAndSoundness.tex:18: Missing $ inserted.
<inserted text> 
                $
l.18 -- Induction on both ring_
                               binaries and dvector
I've inserted a begin-math/end-math symbol since I think
you left one out. Proceed, with fingers crossed.


LaTeX Warning: Command \textrightarrow invalid in math mode on input line 19.


LaTeX Warning: Command \textrightarrow invalid in math mode on input line 19.


LaTeX Warning: Command \textrightarrow invalid in math mode on input line 19.


LaTeX Warning: Command \textrightarrow invalid in math mode on input line 19.

./internalCompletenessAndSoundness.tex:22: Missing $ inserted.
<inserted text> 
                $
l.22 
     
I've inserted a begin-math/end-math symbol since I think
you left one out. Proceed, with fingers crossed.


Overfull \hbox (20.0pt too wide) in paragraph at lines 18--22
[]
 []


Overfull \hbox (250.69899pt too wide) in paragraph at lines 18--22
[]\OML/cmm/m/it/10 inariesanddvectordefbinaries[]ap\OT1/cmr/m/n/10 [\OML/cmm/m/
it/10 has[]ddA\OT1/cmr/m/n/10 ][\OML/cmm/m/it/10 has[]ulA\OT1/cmr/m/n/10 ] :
 []


Overfull \hbox (219.8492pt too wide) in paragraph at lines 18--22
\OML/cmm/m/it/10 ring[]inaries\OT1/cmr/m/n/10 ^^Y(\OML/cmm/m/it/10 dvectorA\OT1
/cmr/m/n/10 2)^^Y\OML/cmm/m/it/10 A\OMS/cmsy/m/n/10 j\OML/cmm/m/it/10 ring[]ina
ries:add\OT1/cmr/m/n/10 (\OML/cmm/m/it/10 a \OT1/cmr/m/n/10 ::
 []


Overfull \hbox (21.51385pt too wide) in paragraph at lines 18--22
\OML/cmm/m/it/10 b\OT1/cmr/m/n/10 ) :=
 []


Overfull \hbox (13.06369pt too wide) in paragraph at lines 18--22
\OML/cmm/m/it/10 a \OT1/cmr/m/n/10 +
 []


Overfull \hbox (152.00513pt too wide) in paragraph at lines 18--22
\OML/cmm/m/it/10 dvector:lastb\OMS/cmsy/m/n/10 j\OML/cmm/m/it/10 ring[]inaries:
mul\OT1/cmr/m/n/10 (\OML/cmm/m/it/10 a \OT1/cmr/m/n/10 ::
 []


Overfull \hbox (21.51385pt too wide) in paragraph at lines 18--22
\OML/cmm/m/it/10 b\OT1/cmr/m/n/10 ) :=
 []


Overfull \hbox (10.2859pt too wide) in paragraph at lines 18--22
\OML/cmm/m/it/10 a \OMS/cmsy/m/n/10 ^^C
 []


Overfull \hbox (55.92137pt too wide) in paragraph at lines 18--22
\OML/cmm/m/it/10 dvector:lastb$ 
 []


./internalCompletenessAndSoundness.tex:23: LaTeX Error: Missing \begin{document
}.

See the LaTeX manual or LaTeX Companion for explanation.
Type  H <return>  for immediate help.
 ...                                              
                                                  
l.23 d
      ef func_map [has_zero A] [has_one A] [has_neg A] [has_add A] [has_mul ...

You're in trouble here.  Try typing  <return>  to proceed.
If that doesn't work, type  X <return>  to quit.

Missing character: There is no d in font nullfont!
Missing character: There is no e in font nullfont!
Missing character: There is no f in font nullfont!
Missing character: There is no f in font nullfont!
Missing character: There is no u in font nullfont!
Missing character: There is no n in font nullfont!
Missing character: There is no c in font nullfont!
./internalCompletenessAndSoundness.tex:23: Missing $ inserted.
<inserted text> 
                $
l.23 def func_
              map [has_zero A] [has_one A] [has_neg A] [has_add A] [has_mul ...
I've inserted a begin-math/end-math symbol since I think
you left one out. Proceed, with fingers crossed.


./internalCompletenessAndSoundness.tex:24: LaTeX Error: Unicode character Π (U
+03A0)
               not set up for use with LaTeX.

See the LaTeX manual or LaTeX Companion for explanation.
Type  H <return>  for immediate help.
 ...                                              
                                                  
l.24   Π
          (n : ℕ), (ring_funcs n) → (dvector A n) → A
You may provide a definition with
\DeclareUnicodeCharacter 


./internalCompletenessAndSoundness.tex:24: LaTeX Error: Unicode character ℕ (
U+2115)
               not set up for use with LaTeX.

See the LaTeX manual or LaTeX Companion for explanation.
Type  H <return>  for immediate help.
 ...                                              
                                                  
l.24   Π (n : ℕ
                  ), (ring_funcs n) → (dvector A n) → A
You may provide a definition with
\DeclareUnicodeCharacter 


LaTeX Warning: Command \textrightarrow invalid in math mode on input line 24.


LaTeX Warning: Command \textrightarrow invalid in math mode on input line 24.


LaTeX Warning: Command \textrightarrow invalid in math mode on input line 24.


LaTeX Warning: Command \textrightarrow invalid in math mode on input line 24.


./internalCompletenessAndSoundness.tex:28: LaTeX Error: \begin{document} ended 
by \end{lstlisting}.

See the LaTeX manual or LaTeX Companion for explanation.
Type  H <return>  for immediate help.
 ...                                              
                                                  
l.28 | (n + 3) := pempty.elim\end{lstlisting}
                                             
Your command was ignored.
Type  I <command> <return>  to replace it with another command,
or  <return>  to continue without it.

./internalCompletenessAndSoundness.tex:28: Missing $ inserted.
<inserted text> 
                $
l.28 | (n + 3) := pempty.elim\end{lstlisting}
                                             
I've inserted something that you may have forgotten.
(See the <inserted text> above.)
With luck, this will get me unwedged. But if you
really didn't forget anything, try typing `2' now; then
my insertion and my current dilemma will both disappear.


Overfull \hbox (20.0pt too wide) in paragraph at lines 23--29
[]
 []


Overfull \hbox (248.40462pt too wide) in paragraph at lines 23--29
[]\OML/cmm/m/it/10 ap\OT1/cmr/m/n/10 [\OML/cmm/m/it/10 has[]eroA\OT1/cmr/m/n/10
 ][\OML/cmm/m/it/10 has[]neA\OT1/cmr/m/n/10 ][\OML/cmm/m/it/10 has[]egA\OT1/cmr
/m/n/10 ][\OML/cmm/m/it/10 has[]ddA\OT1/cmr/m/n/10 ][\OML/cmm/m/it/10 has[]ulA\
OT1/cmr/m/n/10 ] :
 []


Overfull \hbox (15.44675pt too wide) in paragraph at lines 23--29
\OT1/cmr/m/n/10 (\OML/cmm/m/it/10 n \OT1/cmr/m/n/10 :
 []


Overfull \hbox (159.57979pt too wide) in paragraph at lines 23--29
\OT1/cmr/m/n/10 )\OML/cmm/m/it/10 ; \OT1/cmr/m/n/10 (\OML/cmm/m/it/10 ring[]unc
sn\OT1/cmr/m/n/10 )^^Y(\OML/cmm/m/it/10 dvectorAn\OT1/cmr/m/n/10 )^^Y\OML/cmm/m
/it/10 A\OMS/cmsy/m/n/10 j\OT1/cmr/m/n/10 0 :=
 []


Overfull \hbox (62.5001pt too wide) in paragraph at lines 23--29
\OML/cmm/m/it/10 const[]ap\OMS/cmsy/m/n/10 j\OT1/cmr/m/n/10 1 :=
 []


Overfull \hbox (73.61543pt too wide) in paragraph at lines 23--29
\OML/cmm/m/it/10 unaries[]ap\OMS/cmsy/m/n/10 j\OT1/cmr/m/n/10 2 :=
 []


Overfull \hbox (74.96338pt too wide) in paragraph at lines 23--29
\OML/cmm/m/it/10 binaries[]ap\OMS/cmsy/m/n/10 j\OT1/cmr/m/n/10 (\OML/cmm/m/it/1
0 n \OT1/cmr/m/n/10 +
 []


Overfull \hbox (22.22221pt too wide) in paragraph at lines 23--29
\OT1/cmr/m/n/10 3) :=
 []


Overfull \hbox (55.2115pt too wide) in paragraph at lines 23--29
\OML/cmm/m/it/10 pempty:elim$ 
 []


./internalCompletenessAndSoundness.tex:30: LaTeX Error: Missing \begin{document
}.

See the LaTeX manual or LaTeX Companion for explanation.
Type  H <return>  for immediate help.
 ...                                              
                                                  
l.30 T
      his allows us to make any type with such instances a ring structure:
You're in trouble here.  Try typing  <return>  to proceed.
If that doesn't work, type  X <return>  to quit.

Missing character: There is no T in font nullfont!
Missing character: There is no h in font nullfont!
Missing character: There is no i in font nullfont!
Missing character: There is no s in font nullfont!
Missing character: There is no a in font nullfont!
Missing character: There is no l in font nullfont!
Missing character: There is no l in font nullfont!
Missing character: There is no o in font nullfont!
Missing character: There is no w in font nullfont!
Missing character: There is no s in font nullfont!
Missing character: There is no u in font nullfont!
Missing character: There is no s in font nullfont!
Missing character: There is no t in font nullfont!
Missing character: There is no o in font nullfont!
Missing character: There is no m in font nullfont!
Missing character: There is no a in font nullfont!
Missing character: There is no k in font nullfont!
Missing character: There is no e in font nullfont!
Missing character: There is no a in font nullfont!
Missing character: There is no n in font nullfont!
Missing character: There is no y in font nullfont!
Missing character: There is no t in font nullfont!
Missing character: There is no y in font nullfont!
Missing character: There is no p in font nullfont!
Missing character: There is no e in font nullfont!
Missing character: There is no w in font nullfont!
Missing character: There is no i in font nullfont!
Missing character: There is no t in font nullfont!
Missing character: There is no h in font nullfont!
Missing character: There is no s in font nullfont!
Missing character: There is no u in font nullfont!
Missing character: There is no c in font nullfont!
Missing character: There is no h in font nullfont!
Missing character: There is no i in font nullfont!
Missing character: There is no n in font nullfont!
Missing character: There is no s in font nullfont!
Missing character: There is no t in font nullfont!
Missing character: There is no a in font nullfont!
Missing character: There is no n in font nullfont!
Missing character: There is no c in font nullfont!
Missing character: There is no e in font nullfont!
Missing character: There is no s in font nullfont!
Missing character: There is no a in font nullfont!
Missing character: There is no r in font nullfont!
Missing character: There is no i in font nullfont!
Missing character: There is no n in font nullfont!
Missing character: There is no g in font nullfont!
Missing character: There is no s in font nullfont!
Missing character: There is no t in font nullfont!
Missing character: There is no r in font nullfont!
Missing character: There is no u in font nullfont!
Missing character: There is no c in font nullfont!
Missing character: There is no t in font nullfont!
Missing character: There is no u in font nullfont!
Missing character: There is no r in font nullfont!
Missing character: There is no e in font nullfont!
Missing character: There is no : in font nullfont!

Overfull \hbox (20.0pt too wide) in paragraph at lines 30--31
[]
 []


./internalCompletenessAndSoundness.tex:32: LaTeX Error: Environment lstlisting 
undefined.

See the LaTeX manual or LaTeX Companion for explanation.
Type  H <return>  for immediate help.
 ...                                              
                                                  
l.32 \begin{lstlisting}
                       
Your command was ignored.
Type  I <command> <return>  to replace it with another command,
or  <return>  to continue without it.


./internalCompletenessAndSoundness.tex:33: LaTeX Error: Missing \begin{document
}.

See the LaTeX manual or LaTeX Companion for explanation.
Type  H <return>  for immediate help.
 ...                                              
                                                  
l.33 d
      ef Structure : Structure ring_signature :=
You're in trouble here.  Try typing  <return>  to proceed.
If that doesn't work, type  X <return>  to quit.

Missing character: There is no d in font nullfont!
Missing character: There is no e in font nullfont!
Missing character: There is no f in font nullfont!
Missing character: There is no S in font nullfont!
Missing character: There is no t in font nullfont!
Missing character: There is no r in font nullfont!
Missing character: There is no u in font nullfont!
Missing character: There is no c in font nullfont!
Missing character: There is no t in font nullfont!
Missing character: There is no u in font nullfont!
Missing character: There is no r in font nullfont!
Missing character: There is no e in font nullfont!
Missing character: There is no : in font nullfont!
Missing character: There is no S in font nullfont!
Missing character: There is no t in font nullfont!
Missing character: There is no r in font nullfont!
Missing character: There is no u in font nullfont!
Missing character: There is no c in font nullfont!
Missing character: There is no t in font nullfont!
Missing character: There is no u in font nullfont!
Missing character: There is no r in font nullfont!
Missing character: There is no e in font nullfont!
Missing character: There is no r in font nullfont!
Missing character: There is no i in font nullfont!
Missing character: There is no n in font nullfont!
Missing character: There is no g in font nullfont!
./internalCompletenessAndSoundness.tex:33: Missing $ inserted.
<inserted text> 
                $
l.33 def Structure : Structure ring_
                                    signature :=
I've inserted a begin-math/end-math symbol since I think
you left one out. Proceed, with fingers crossed.


./internalCompletenessAndSoundness.tex:34: LaTeX Error: Unicode character λ (U
+03BB)
               not set up for use with LaTeX.

See the LaTeX manual or LaTeX Companion for explanation.
Type  H <return>  for immediate help.
 ...                                              
                                                  
l.34 Structure.mk A func_map (λ
                                 n, pempty.elim)\end{lstlisting}
You may provide a definition with
\DeclareUnicodeCharacter 


./internalCompletenessAndSoundness.tex:34: LaTeX Error: \begin{document} ended 
by \end{lstlisting}.

See the LaTeX manual or LaTeX Companion for explanation.
Type  H <return>  for immediate help.
 ...                                              
                                                  
l.34 ...nc_map (λ n, pempty.elim)\end{lstlisting}
                                                  
Your command was ignored.
Type  I <command> <return>  to replace it with another command,
or  <return>  to continue without it.

./internalCompletenessAndSoundness.tex:34: Missing $ inserted.
<inserted text> 
                $
l.34 ...nc_map (λ n, pempty.elim)\end{lstlisting}
                                                  
I've inserted something that you may have forgotten.
(See the <inserted text> above.)
With luck, this will get me unwedged. But if you
really didn't forget anything, try typing `2' now; then
my insertion and my current dilemma will both disappear.


Overfull \hbox (20.0pt too wide) in paragraph at lines 33--35
[]
 []


Overfull \hbox (56.25078pt too wide) in paragraph at lines 33--35
[]\OML/cmm/m/it/10 ignature \OT1/cmr/m/n/10 :=
 []


Overfull \hbox (181.89711pt too wide) in paragraph at lines 33--35
\OML/cmm/m/it/10 Structure:mkAfunc[]ap\OT1/cmr/m/n/10 (\OML/cmm/m/it/10 n; pemp
ty:elim\OT1/cmr/m/n/10 )$ 
 []


./internalCompletenessAndSoundness.tex:36: LaTeX Error: Missing \begin{document
}.

See the LaTeX manual or LaTeX Companion for explanation.
Type  H <return>  for immediate help.
 ...                                              
                                                  
l.36 C
      onversely given any ring structure,
You're in trouble here.  Try typing  <return>  to proceed.
If that doesn't work, type  X <return>  to quit.

Missing character: There is no C in font nullfont!
Missing character: There is no o in font nullfont!
Missing character: There is no n in font nullfont!
Missing character: There is no v in font nullfont!
Missing character: There is no e in font nullfont!
Missing character: There is no r in font nullfont!
Missing character: There is no s in font nullfont!
Missing character: There is no e in font nullfont!
Missing character: There is no l in font nullfont!
Missing character: There is no y in font nullfont!
Missing character: There is no g in font nullfont!
Missing character: There is no i in font nullfont!
Missing character: There is no v in font nullfont!
Missing character: There is no e in font nullfont!
Missing character: There is no n in font nullfont!
Missing character: There is no a in font nullfont!
Missing character: There is no n in font nullfont!
Missing character: There is no y in font nullfont!
Missing character: There is no r in font nullfont!
Missing character: There is no i in font nullfont!
Missing character: There is no n in font nullfont!
Missing character: There is no g in font nullfont!
Missing character: There is no s in font nullfont!
Missing character: There is no t in font nullfont!
Missing character: There is no r in font nullfont!
Missing character: There is no u in font nullfont!
Missing character: There is no c in font nullfont!
Missing character: There is no t in font nullfont!
Missing character: There is no u in font nullfont!
Missing character: There is no r in font nullfont!
Missing character: There is no e in font nullfont!
Missing character: There is no , in font nullfont!
Missing character: There is no w in font nullfont!
Missing character: There is no e in font nullfont!
Missing character: There is no c in font nullfont!
Missing character: There is no a in font nullfont!
Missing character: There is no n in font nullfont!
Missing character: There is no e in font nullfont!
Missing character: There is no a in font nullfont!
Missing character: There is no s in font nullfont!
Missing character: There is no i in font nullfont!
Missing character: There is no l in font nullfont!
Missing character: There is no y in font nullfont!
Missing character: There is no p in font nullfont!
Missing character: There is no i in font nullfont!
Missing character: There is no c in font nullfont!
Missing character: There is no k in font nullfont!
Missing character: There is no o in font nullfont!
Missing character: There is no u in font nullfont!
Missing character: There is no t in font nullfont!
Missing character: There is no t in font nullfont!
Missing character: There is no h in font nullfont!
Missing character: There is no e in font nullfont!
Missing character: There is no a in font nullfont!
Missing character: There is no b in font nullfont!
Missing character: There is no o in font nullfont!
Missing character: There is no v in font nullfont!
Missing character: There is no e in font nullfont!
Missing character: There is no i in font nullfont!
Missing character: There is no n in font nullfont!
Missing character: There is no s in font nullfont!
Missing character: There is no t in font nullfont!
Missing character: There is no a in font nullfont!
Missing character: There is no n in font nullfont!
Missing character: There is no c in font nullfont!
Missing character: There is no e in font nullfont!
Missing character: There is no s in font nullfont!
Missing character: There is no . in font nullfont!
Missing character: There is no F in font nullfont!
Missing character: There is no o in font nullfont!
Missing character: There is no r in font nullfont!
Missing character: There is no e in font nullfont!
Missing character: There is no x in font nullfont!
Missing character: There is no a in font nullfont!
Missing character: There is no m in font nullfont!
Missing character: There is no p in font nullfont!
Missing character: There is no l in font nullfont!
Missing character: There is no e in font nullfont!

./internalCompletenessAndSoundness.tex:39: LaTeX Error: Environment lstlisting 
undefined.

See the LaTeX manual or LaTeX Companion for explanation.
Type  H <return>  for immediate help.
 ...                                              
                                                  
l.39 \begin{lstlisting}
                       
Your command was ignored.
Type  I <command> <return>  to replace it with another command,
or  <return>  to continue without it.

Missing character: There is no d in font nullfont!
Missing character: There is no e in font nullfont!
Missing character: There is no f in font nullfont!
Missing character: There is no a in font nullfont!
Missing character: There is no d in font nullfont!
Missing character: There is no d in font nullfont!
Missing character: There is no M in font nullfont!
Missing character: There is no : in font nullfont!
Missing character: There is no S in font nullfont!
Missing character: There is no t in font nullfont!
Missing character: There is no r in font nullfont!
Missing character: There is no u in font nullfont!
Missing character: There is no c in font nullfont!
Missing character: There is no t in font nullfont!
Missing character: There is no u in font nullfont!
Missing character: There is no r in font nullfont!
Missing character: There is no e in font nullfont!
Missing character: There is no r in font nullfont!
Missing character: There is no i in font nullfont!
Missing character: There is no n in font nullfont!
Missing character: There is no g in font nullfont!
./internalCompletenessAndSoundness.tex:40: Missing $ inserted.
<inserted text> 
                $
l.40 def add {M : Structure ring_
                                 signature} (a b : M.carrier) : M.carrier :=...
I've inserted a begin-math/end-math symbol since I think
you left one out. Proceed, with fingers crossed.

./internalCompletenessAndSoundness.tex:40: Extra }, or forgotten $.
l.40 def add {M : Structure ring_signature}
                                            (a b : M.carrier) : M.carrier :=...
I've deleted a group-closing symbol because it seems to be
spurious, as in `$x}$'. But perhaps the } is legitimate and
you forgot something else, as in `\hbox{$x}'. In such cases
the way to recover is to insert both the forgotten and the
deleted material, e.g., by typing `I$}'.

./internalCompletenessAndSoundness.tex:41: Missing $ inserted.
<inserted text> 
                $
l.41 
     
I've inserted a begin-math/end-math symbol since I think
you left one out. Proceed, with fingers crossed.


Overfull \hbox (20.0pt too wide) in paragraph at lines 36--41
[]
 []


Overfull \hbox (61.93942pt too wide) in paragraph at lines 36--41
[]\OML/cmm/m/it/10 ignature\OT1/cmr/m/n/10 (\OML/cmm/m/it/10 ab \OT1/cmr/m/n/10
 :
 []


Overfull \hbox (54.54123pt too wide) in paragraph at lines 36--41
\OML/cmm/m/it/10 M:carrier\OT1/cmr/m/n/10 ) :
 []


Overfull \hbox (58.43013pt too wide) in paragraph at lines 36--41
\OML/cmm/m/it/10 M:carrier \OT1/cmr/m/n/10 :=
 []


Overfull \hbox (205.15027pt too wide) in paragraph at lines 36--41
\OT1/cmr/m/n/10 @\OML/cmm/m/it/10 Structure:fun[]ap[]\OT1/cmr/m/n/10 2\OML/cmm/
m/it/10 ring[]inaries:add\OT1/cmr/m/n/10 ([\OML/cmm/m/it/10 a; b\OT1/cmr/m/n/10
 ])$ 
 []


./internalCompletenessAndSoundness.tex:42: LaTeX Error: Missing \begin{document
}.

See the LaTeX manual or LaTeX Companion for explanation.
Type  H <return>  for immediate help.
 ...                                              
                                                  
l.42 i
      nstance : has_add M := ⟨ add ⟩\end{lstlisting}
You're in trouble here.  Try typing  <return>  to proceed.
If that doesn't work, type  X <return>  to quit.

Missing character: There is no i in font nullfont!
Missing character: There is no n in font nullfont!
Missing character: There is no s in font nullfont!
Missing character: There is no t in font nullfont!
Missing character: There is no a in font nullfont!
Missing character: There is no n in font nullfont!
Missing character: There is no c in font nullfont!
Missing character: There is no e in font nullfont!
Missing character: There is no : in font nullfont!
Missing character: There is no h in font nullfont!
Missing character: There is no a in font nullfont!
Missing character: There is no s in font nullfont!
./internalCompletenessAndSoundness.tex:42: Missing $ inserted.
<inserted text> 
                $
l.42 instance : has_
                    add M := ⟨ add ⟩\end{lstlisting}
I've inserted a begin-math/end-math symbol since I think
you left one out. Proceed, with fingers crossed.


LaTeX Warning: Command \textlangle invalid in math mode on input line 42.


LaTeX Warning: Command \textlangle invalid in math mode on input line 42.


LaTeX Warning: Command \textrangle invalid in math mode on input line 42.


LaTeX Warning: Command \textrangle invalid in math mode on input line 42.


./internalCompletenessAndSoundness.tex:42: LaTeX Error: \begin{document} ended 
by \end{lstlisting}.

See the LaTeX manual or LaTeX Companion for explanation.
Type  H <return>  for immediate help.
 ...                                              
                                                  
l.42 ...: has_add M := ⟨ add ⟩\end{lstlisting}
                                                  
Your command was ignored.
Type  I <command> <return>  to replace it with another command,
or  <return>  to continue without it.

./internalCompletenessAndSoundness.tex:42: Missing $ inserted.
<inserted text> 
                $
l.42 ...: has_add M := ⟨ add ⟩\end{lstlisting}
                                                  
I've inserted something that you may have forgotten.
(See the <inserted text> above.)
With luck, this will get me unwedged. But if you
really didn't forget anything, try typing `2' now; then
my insertion and my current dilemma will both disappear.

./internalCompletenessAndSoundness.tex:42: Missing } inserted.
<inserted text> 
                }
l.42 ...: has_add M := ⟨ add ⟩\end{lstlisting}
                                                  
I've inserted something that you may have forgotten.
(See the <inserted text> above.)
With luck, this will get me unwedged. But if you
really didn't forget anything, try typing `2' now; then
my insertion and my current dilemma will both disappear.


Overfull \hbox (20.0pt too wide) in paragraph at lines 42--43
[]
 []


Overfull \hbox (39.37233pt too wide) in paragraph at lines 42--43
[]\OML/cmm/m/it/10 ddM \OT1/cmr/m/n/10 :=
 []


Overfull \hbox (31.25122pt too wide) in paragraph at lines 42--43
[]\OML/cmm/m/it/10 add[]$ 
 []

./internalCompletenessAndSoundness.tex:44: Undefined control sequence.
l.44 \subsection
                {Rings}
The control sequence at the end of the top line
of your error message was never \def'ed. If you have
misspelled it (e.g., `\hobx'), type `I' and the correct
spelling (e.g., `I\hbox'). Otherwise just continue,
and I'll forget about whatever was undefined.


./internalCompletenessAndSoundness.tex:44: LaTeX Error: Missing \begin{document
}.

See the LaTeX manual or LaTeX Companion for explanation.
Type  H <return>  for immediate help.
 ...                                              
                                                  
l.44 \subsection{R
                  ings}
You're in trouble here.  Try typing  <return>  to proceed.
If that doesn't work, type  X <return>  to quit.

Missing character: There is no R in font nullfont!
Missing character: There is no i in font nullfont!
Missing character: There is no n in font nullfont!
Missing character: There is no g in font nullfont!
Missing character: There is no s in font nullfont!
Missing character: There is no I in font nullfont!
Missing character: There is no f in font nullfont!
Missing character: There is no i in font nullfont!
Missing character: There is no s in font nullfont!
Missing character: There is no a in font nullfont!
Missing character: There is no r in font nullfont!
Missing character: There is no i in font nullfont!
Missing character: There is no n in font nullfont!
Missing character: There is no g in font nullfont!
Missing character: There is no , in font nullfont!
Missing character: There is no t in font nullfont!
Missing character: There is no h in font nullfont!
Missing character: There is no e in font nullfont!
Missing character: There is no n in font nullfont!
Missing character: There is no s in font nullfont!
Missing character: There is no u in font nullfont!
Missing character: There is no r in font nullfont!
Missing character: There is no e in font nullfont!
Missing character: There is no l in font nullfont!
Missing character: There is no y in font nullfont!
Missing character: There is no i in font nullfont!
Missing character: There is no t in font nullfont!
Missing character: There is no i in font nullfont!
Missing character: There is no s in font nullfont!
Missing character: There is no a in font nullfont!
Missing character: There is no m in font nullfont!
Missing character: There is no o in font nullfont!
Missing character: There is no d in font nullfont!
Missing character: There is no e in font nullfont!
Missing character: There is no l in font nullfont!
Missing character: There is no o in font nullfont!
Missing character: There is no f in font nullfont!
Missing character: There is no t in font nullfont!
Missing character: There is no h in font nullfont!
Missing character: There is no e in font nullfont!
Missing character: There is no t in font nullfont!
Missing character: There is no h in font nullfont!
Missing character: There is no e in font nullfont!
Missing character: There is no o in font nullfont!
Missing character: There is no r in font nullfont!
Missing character: There is no y in font nullfont!
Missing character: There is no o in font nullfont!
Missing character: There is no f in font nullfont!
Missing character: There is no r in font nullfont!
Missing character: There is no i in font nullfont!
Missing character: There is no n in font nullfont!
Missing character: There is no g in font nullfont!
Missing character: There is no s in font nullfont!
Missing character: There is no . in font nullfont!
Missing character: There is no I in font nullfont!
Missing character: There is no h in font nullfont!
Missing character: There is no a in font nullfont!
Missing character: There is no v in font nullfont!
Missing character: There is no e in font nullfont!
Missing character: There is no s in font nullfont!
Missing character: There is no u in font nullfont!
Missing character: There is no p in font nullfont!
Missing character: There is no p in font nullfont!
Missing character: There is no l in font nullfont!
Missing character: There is no i in font nullfont!
Missing character: There is no e in font nullfont!
Missing character: There is no d in font nullfont!
Missing character: There is no w in font nullfont!
Missing character: There is no i in font nullfont!
Missing character: There is no t in font nullfont!
Missing character: There is no h in font nullfont!
Missing character: There is no e in font nullfont!
Missing character: There is no n in font nullfont!
Missing character: There is no o in font nullfont!
Missing character: There is no u in font nullfont!
Missing character: There is no g in font nullfont!
Missing character: There is no h in font nullfont!
Missing character: There is no l in font nullfont!
Missing character: There is no e in font nullfont!
Missing character: There is no m in font nullfont!
Missing character: There is no m in font nullfont!
Missing character: There is no a in font nullfont!
Missing character: There is no s in font nullfont!
Missing character: There is no t in font nullfont!
Missing character: There is no o in font nullfont!
Missing character: There is no r in font nullfont!
Missing character: There is no e in font nullfont!
Missing character: There is no d in font nullfont!
Missing character: There is no u in font nullfont!
Missing character: There is no c in font nullfont!
Missing character: There is no e in font nullfont!
Missing character: There is no t in font nullfont!
Missing character: There is no h in font nullfont!
Missing character: There is no e in font nullfont!
Missing character: There is no d in font nullfont!
Missing character: There is no e in font nullfont!
Missing character: There is no f in font nullfont!
Missing character: There is no i in font nullfont!
Missing character: There is no n in font nullfont!
Missing character: There is no i in font nullfont!
Missing character: There is no t in font nullfont!
Missing character: There is no i in font nullfont!
Missing character: There is no o in font nullfont!
Missing character: There is no n in font nullfont!
Missing character: There is no s in font nullfont!
Missing character: There is no u in font nullfont!
Missing character: There is no n in font nullfont!
Missing character: There is no t in font nullfont!
Missing character: There is no i in font nullfont!
Missing character: There is no l in font nullfont!
Missing character: There is no r in font nullfont!
Missing character: There is no e in font nullfont!
Missing character: There is no q in font nullfont!
Missing character: There is no u in font nullfont!
Missing character: There is no i in font nullfont!
Missing character: There is no r in font nullfont!
Missing character: There is no i in font nullfont!
Missing character: There is no n in font nullfont!
Missing character: There is no g in font nullfont!
Missing character: There is no t in font nullfont!
Missing character: There is no h in font nullfont!
Missing character: There is no e in font nullfont!
Missing character: There is no c in font nullfont!
Missing character: There is no o in font nullfont!
Missing character: There is no r in font nullfont!
Missing character: There is no r in font nullfont!
Missing character: There is no e in font nullfont!
Missing character: There is no s in font nullfont!
Missing character: There is no p in font nullfont!
Missing character: There is no o in font nullfont!
Missing character: There is no n in font nullfont!
Missing character: There is no d in font nullfont!
Missing character: There is no i in font nullfont!
Missing character: There is no n in font nullfont!
Missing character: There is no g in font nullfont!
Missing character: There is no p in font nullfont!
Missing character: There is no r in font nullfont!
Missing character: There is no o in font nullfont!
Missing character: There is no p in font nullfont!
Missing character: There is no e in font nullfont!
Missing character: There is no r in font nullfont!
Missing character: There is no t in font nullfont!
Missing character: There is no y in font nullfont!
Missing character: There is no a in font nullfont!
Missing character: There is no b in font nullfont!
Missing character: There is no o in font nullfont!
Missing character: There is no u in font nullfont!
Missing character: There is no t in font nullfont!
Missing character: There is no r in font nullfont!
Missing character: There is no i in font nullfont!
Missing character: There is no n in font nullfont!
Missing character: There is no g in font nullfont!
Missing character: There is no s in font nullfont!
Missing character: There is no , in font nullfont!
Missing character: There is no a in font nullfont!
Missing character: There is no n in font nullfont!
Missing character: There is no d in font nullfont!
Missing character: There is no I in font nullfont!
Missing character: There is no h in font nullfont!
Missing character: There is no a in font nullfont!
Missing character: There is no v in font nullfont!
Missing character: There is no e in font nullfont!
Missing character: There is no c in font nullfont!
Missing character: There is no h in font nullfont!
Missing character: There is no o in font nullfont!
Missing character: There is no s in font nullfont!
Missing character: There is no e in font nullfont!
Missing character: There is no n in font nullfont!
Missing character: There is no t in font nullfont!
Missing character: There is no h in font nullfont!
Missing character: There is no e in font nullfont!
Missing character: There is no s in font nullfont!
Missing character: There is no e in font nullfont!
Missing character: There is no n in font nullfont!
Missing character: There is no t in font nullfont!
Missing character: There is no e in font nullfont!
Missing character: There is no n in font nullfont!
Missing character: There is no c in font nullfont!
Missing character: There is no e in font nullfont!
Missing character: There is no s in font nullfont!
Missing character: There is no t in font nullfont!
Missing character: There is no o in font nullfont!
Missing character: There is no r in font nullfont!
Missing character: There is no e in font nullfont!
Missing character: There is no p in font nullfont!
Missing character: There is no l in font nullfont!
Missing character: There is no i in font nullfont!
Missing character: There is no c in font nullfont!
Missing character: There is no a in font nullfont!
Missing character: There is no t in font nullfont!
Missing character: There is no e in font nullfont!
Missing character: There is no t in font nullfont!
Missing character: There is no h in font nullfont!
Missing character: There is no e in font nullfont!
Missing character: There is no f in font nullfont!
Missing character: There is no o in font nullfont!
Missing character: There is no r in font nullfont!
Missing character: There is no m in font nullfont!
Missing character: There is no a in font nullfont!
Missing character: There is no t in font nullfont!
Missing character: There is no o in font nullfont!
Missing character: There is no f in font nullfont!
Missing character: There is no e in font nullfont!
Missing character: There is no a in font nullfont!
Missing character: There is no c in font nullfont!
Missing character: There is no h in font nullfont!
Missing character: There is no p in font nullfont!
Missing character: There is no r in font nullfont!
Missing character: There is no o in font nullfont!
Missing character: There is no p in font nullfont!
Missing character: There is no e in font nullfont!
Missing character: There is no r in font nullfont!
Missing character: There is no t in font nullfont!
Missing character: There is no y in font nullfont!
Missing character: There is no f in font nullfont!
Missing character: There is no r in font nullfont!
Missing character: There is no o in font nullfont!
Missing character: There is no m in font nullfont!
Missing character: There is no . in font nullfont!
Missing character: There is no F in font nullfont!
Missing character: There is no o in font nullfont!
Missing character: There is no r in font nullfont!
Missing character: There is no e in font nullfont!
Missing character: There is no x in font nullfont!
Missing character: There is no a in font nullfont!
Missing character: There is no m in font nullfont!
Missing character: There is no p in font nullfont!
Missing character: There is no l in font nullfont!
Missing character: There is no e in font nullfont!
Missing character: There is no b in font nullfont!
Missing character: There is no e in font nullfont!
Missing character: There is no l in font nullfont!
Missing character: There is no o in font nullfont!
Missing character: There is no w in font nullfont!
Missing character: There is no i in font nullfont!
Missing character: There is no s in font nullfont!
Missing character: There is no t in font nullfont!
Missing character: There is no h in font nullfont!
Missing character: There is no e in font nullfont!
Missing character: There is no i in font nullfont!
Missing character: There is no n in font nullfont!
Missing character: There is no t in font nullfont!
Missing character: There is no e in font nullfont!
Missing character: There is no r in font nullfont!
Missing character: There is no n in font nullfont!
Missing character: There is no a in font nullfont!
Missing character: There is no l in font nullfont!
Missing character: There is no p in font nullfont!
Missing character: There is no r in font nullfont!
Missing character: There is no o in font nullfont!
Missing character: There is no p in font nullfont!
Missing character: There is no e in font nullfont!
Missing character: There is no r in font nullfont!
Missing character: There is no t in font nullfont!
Missing character: There is no y in font nullfont!
Missing character: There is no f in font nullfont!
Missing character: There is no o in font nullfont!
Missing character: There is no r in font nullfont!
Missing character: There is no t in font nullfont!
Missing character: There is no h in font nullfont!
Missing character: There is no e in font nullfont!
Missing character: There is no t in font nullfont!
Missing character: There is no y in font nullfont!
Missing character: There is no p in font nullfont!
Missing character: There is no e in font nullfont!
Missing character: There is no ( in font nullfont!
Missing character: There is no i in font nullfont!
Missing character: There is no t in font nullfont!
Missing character: There is no i in font nullfont!
Missing character: There is no s in font nullfont!
Missing character: There is no n in font nullfont!
Missing character: There is no o in font nullfont!
Missing character: There is no t in font nullfont!
Missing character: There is no v in font nullfont!
Missing character: There is no i in font nullfont!
Missing character: There is no s in font nullfont!
Missing character: There is no i in font nullfont!
Missing character: There is no b in font nullfont!
Missing character: There is no l in font nullfont!
Missing character: There is no e in font nullfont!
Missing character: There is no t in font nullfont!
Missing character: There is no o in font nullfont!
Missing character: There is no ) in font nullfont!
Missing character: There is no , in font nullfont!
Missing character: There is no a in font nullfont!
Missing character: There is no n in font nullfont!
Missing character: There is no d in font nullfont!
Missing character: There is no i in font nullfont!
Missing character: There is no t in font nullfont!
Missing character: There is no l in font nullfont!
Missing character: There is no o in font nullfont!
Missing character: There is no o in font nullfont!
Missing character: There is no k in font nullfont!
Missing character: There is no s in font nullfont!
Missing character: There is no e in font nullfont!
Missing character: There is no x in font nullfont!
Missing character: There is no a in font nullfont!
Missing character: There is no c in font nullfont!
Missing character: There is no t in font nullfont!
Missing character: There is no l in font nullfont!
Missing character: There is no y in font nullfont!
Missing character: There is no l in font nullfont!
Missing character: There is no i in font nullfont!
Missing character: There is no k in font nullfont!
Missing character: There is no e in font nullfont!
Missing character: There is no t in font nullfont!
Missing character: There is no h in font nullfont!
Missing character: There is no e in font nullfont!
Missing character: There is no s in font nullfont!
Missing character: There is no t in font nullfont!
Missing character: There is no a in font nullfont!
Missing character: There is no t in font nullfont!
Missing character: There is no e in font nullfont!
Missing character: There is no m in font nullfont!
Missing character: There is no e in font nullfont!
Missing character: There is no n in font nullfont!
Missing character: There is no t in font nullfont!
./internalCompletenessAndSoundness.tex:53: Undefined control sequence.
l.53 ...ctly like the statement $\texttt{M} \vDash
                                                   \texttt{add\_comm}$.
The control sequence at the end of the top line
of your error message was never \def'ed. If you have
misspelled it (e.g., `\hobx'), type `I' and the correct
spelling (e.g., `I\hbox'). Otherwise just continue,
and I'll forget about whatever was undefined.

Missing character: There is no . in font nullfont!

Overfull \hbox (20.0pt too wide) in paragraph at lines 44--54
[]
 []


Overfull \hbox (7.50002pt too wide) in paragraph at lines 44--54
\OML/cmm/m/it/10 A$
 []


Overfull \hbox (20.99982pt too wide) in paragraph at lines 44--54
\OT1/cmtt/m/n/10 simp
 []


Overfull \hbox (36.74968pt too wide) in paragraph at lines 44--54
\OT1/cmtt/m/n/10 mathlib
 []


Overfull \hbox (40.52963pt too wide) in paragraph at lines 44--54
\OT1/cmtt/m/n/10 add[]comm
 []


Overfull \hbox (5.24995pt too wide) in paragraph at lines 44--54
\OT1/cmtt/m/n/10 A
 []


Overfull \hbox (20.99982pt too wide) in paragraph at lines 44--54
\OT1/cmtt/m/n/10 simp
 []


Overfull \hbox (45.77959pt too wide) in paragraph at lines 44--54
[][]$ 
 []


./internalCompletenessAndSoundness.tex:55: LaTeX Error: Environment lstlisting 
undefined.

See the LaTeX manual or LaTeX Companion for explanation.
Type  H <return>  for immediate help.
 ...                                              
                                                  
l.55 \begin{lstlisting}
                       
Your command was ignored.
Type  I <command> <return>  to replace it with another command,
or  <return>  to continue without it.


./internalCompletenessAndSoundness.tex:56: LaTeX Error: Missing \begin{document
}.

See the LaTeX manual or LaTeX Companion for explanation.
Type  H <return>  for immediate help.
 ...                                              
                                                  
l.56 l
      emma realize_ring_theory :
You're in trouble here.  Try typing  <return>  to proceed.
If that doesn't work, type  X <return>  to quit.

Missing character: There is no l in font nullfont!
Missing character: There is no e in font nullfont!
Missing character: There is no m in font nullfont!
Missing character: There is no m in font nullfont!
Missing character: There is no a in font nullfont!
Missing character: There is no r in font nullfont!
Missing character: There is no e in font nullfont!
Missing character: There is no a in font nullfont!
Missing character: There is no l in font nullfont!
Missing character: There is no i in font nullfont!
Missing character: There is no z in font nullfont!
Missing character: There is no e in font nullfont!
./internalCompletenessAndSoundness.tex:56: Missing $ inserted.
<inserted text> 
                $
l.56 lemma realize_
                   ring_theory :
I've inserted a begin-math/end-math symbol since I think
you left one out. Proceed, with fingers crossed.


./internalCompletenessAndSoundness.tex:57: LaTeX Error: Unicode character ⊨ (
U+22A8)
               not set up for use with LaTeX.

See the LaTeX manual or LaTeX Companion for explanation.
Type  H <return>  for immediate help.
 ...                                              
                                                  
l.57   (Structure A) ⊨
                         ring_signature.ring_theory :=
You may provide a definition with
\DeclareUnicodeCharacter 


./internalCompletenessAndSoundness.tex:60: LaTeX Error: Unicode character ϕ (U
+03D5)
               not set up for use with LaTeX.

See the LaTeX manual or LaTeX Companion for explanation.
Type  H <return>  for immediate help.
 ...                                              
                                                  
l.60   intros ϕ
                 h,
You may provide a definition with
\DeclareUnicodeCharacter 


./internalCompletenessAndSoundness.tex:61: LaTeX Error: Unicode character ⊨ (
U+22A8)
               not set up for use with LaTeX.

See the LaTeX manual or LaTeX Companion for explanation.
Type  H <return>  for immediate help.
 ...                                              
                                                  
l.61   repeat {cases h}, /- we are checking A ⊨
                                                  ϕ for each ϕ -/
You may provide a definition with
\DeclareUnicodeCharacter 


./internalCompletenessAndSoundness.tex:61: LaTeX Error: Unicode character ϕ (U
+03D5)
               not set up for use with LaTeX.

See the LaTeX manual or LaTeX Companion for explanation.
Type  H <return>  for immediate help.
 ...                                              
                                                  
l.61 ...eat {cases h}, /- we are checking A ⊨ ϕ
                                                   for each ϕ -/
You may provide a definition with
\DeclareUnicodeCharacter 


./internalCompletenessAndSoundness.tex:61: LaTeX Error: Unicode character ϕ (U
+03D5)
               not set up for use with LaTeX.

See the LaTeX manual or LaTeX Companion for explanation.
Type  H <return>  for immediate help.
 ...                                              
                                                  
l.61 ...}, /- we are checking A ⊨ ϕ for each ϕ
                                                   -/
You may provide a definition with
\DeclareUnicodeCharacter 


./internalCompletenessAndSoundness.tex:78: LaTeX Error: \begin{document} ended 
by \end{lstlisting}.

See the LaTeX manual or LaTeX Companion for explanation.
Type  H <return>  for immediate help.
 ...                                              
                                                  
l.78 end\end{lstlisting}
                        
Your command was ignored.
Type  I <command> <return>  to replace it with another command,
or  <return>  to continue without it.

./internalCompletenessAndSoundness.tex:78: Missing $ inserted.
<inserted text> 
                $
l.78 end\end{lstlisting}
                        
I've inserted something that you may have forgotten.
(See the <inserted text> above.)
With luck, this will get me unwedged. But if you
really didn't forget anything, try typing `2' now; then
my insertion and my current dilemma will both disappear.


Overfull \hbox (20.0pt too wide) in paragraph at lines 56--79
[]
 []


Overfull \hbox (53.0378pt too wide) in paragraph at lines 56--79
[]\OML/cmm/m/it/10 ing[]heory \OT1/cmr/m/n/10 :
 []


Overfull \hbox (185.09859pt too wide) in paragraph at lines 56--79
\OT1/cmr/m/n/10 (\OML/cmm/m/it/10 StructureA\OT1/cmr/m/n/10 )\OML/cmm/m/it/10 r
ing[]ignature:ring[]heory \OT1/cmr/m/n/10 :=
 []


Overfull \hbox (12.77782pt too wide) in paragraph at lines 56--79
\OML/cmm/m/it/10 = \OMS/cmsy/m/n/10 ^^@
 []


Overfull \hbox (56.99777pt too wide) in paragraph at lines 56--79
\OML/cmm/m/it/10 StructureA \OT1/cmr/m/n/10 :
 []


Overfull \hbox (169.35892pt too wide) in paragraph at lines 56--79
\OML/cmm/m/it/10 isAasaringstructureasdefinedabove \OMS/cmsy/m/n/10 ^^@
 []


Overfull \hbox (140.77124pt too wide) in paragraph at lines 56--79
\OML/cmm/m/it/10 =beginintrosh; repeat[]; = \OMS/cmsy/m/n/10 ^^@
 []


Overfull \hbox (116.90376pt too wide) in paragraph at lines 56--79
\OML/cmm/m/it/10 wearecheckingAforeach \OMS/cmsy/m/n/10 ^^@
 []


Overfull \hbox (809.03918pt too wide) in paragraph at lines 56--79
\OML/cmm/m/it/10 =[]; []; []; []; []; []; []; []end$ 
 []


./internalCompletenessAndSoundness.tex:80: LaTeX Error: Missing \begin{document
}.

See the LaTeX manual or LaTeX Companion for explanation.
Type  H <return>  for immediate help.
 ...                                              
                                                  
l.80 C
      onversely, given a model of the theory of rings
You're in trouble here.  Try typing  <return>  to proceed.
If that doesn't work, type  X <return>  to quit.

Missing character: There is no C in font nullfont!
Missing character: There is no o in font nullfont!
Missing character: There is no n in font nullfont!
Missing character: There is no v in font nullfont!
Missing character: There is no e in font nullfont!
Missing character: There is no r in font nullfont!
Missing character: There is no s in font nullfont!
Missing character: There is no e in font nullfont!
Missing character: There is no l in font nullfont!
Missing character: There is no y in font nullfont!
Missing character: There is no , in font nullfont!
Missing character: There is no g in font nullfont!
Missing character: There is no i in font nullfont!
Missing character: There is no v in font nullfont!
Missing character: There is no e in font nullfont!
Missing character: There is no n in font nullfont!
Missing character: There is no a in font nullfont!
Missing character: There is no m in font nullfont!
Missing character: There is no o in font nullfont!
Missing character: There is no d in font nullfont!
Missing character: There is no e in font nullfont!
Missing character: There is no l in font nullfont!
Missing character: There is no o in font nullfont!
Missing character: There is no f in font nullfont!
Missing character: There is no t in font nullfont!
Missing character: There is no h in font nullfont!
Missing character: There is no e in font nullfont!
Missing character: There is no t in font nullfont!
Missing character: There is no h in font nullfont!
Missing character: There is no e in font nullfont!
Missing character: There is no o in font nullfont!
Missing character: There is no r in font nullfont!
Missing character: There is no y in font nullfont!
Missing character: There is no o in font nullfont!
Missing character: There is no f in font nullfont!
Missing character: There is no r in font nullfont!
Missing character: There is no i in font nullfont!
Missing character: There is no n in font nullfont!
Missing character: There is no g in font nullfont!
Missing character: There is no s in font nullfont!
Missing character: There is no w in font nullfont!
Missing character: There is no e in font nullfont!
Missing character: There is no c in font nullfont!
Missing character: There is no a in font nullfont!
Missing character: There is no n in font nullfont!
Missing character: There is no s in font nullfont!
Missing character: There is no u in font nullfont!
Missing character: There is no p in font nullfont!
Missing character: There is no p in font nullfont!
Missing character: There is no l in font nullfont!
Missing character: There is no y in font nullfont!
Missing character: There is no a in font nullfont!
Missing character: There is no n in font nullfont!
Missing character: There is no i in font nullfont!
Missing character: There is no n in font nullfont!
Missing character: There is no s in font nullfont!
Missing character: There is no t in font nullfont!
Missing character: There is no a in font nullfont!
Missing character: There is no n in font nullfont!
Missing character: There is no c in font nullfont!
Missing character: There is no e in font nullfont!
Missing character: There is no o in font nullfont!
Missing character: There is no f in font nullfont!
Missing character: There is no a in font nullfont!
Missing character: There is no r in font nullfont!
Missing character: There is no i in font nullfont!
Missing character: There is no n in font nullfont!
Missing character: There is no g in font nullfont!
Missing character: There is no t in font nullfont!
Missing character: There is no o in font nullfont!
Missing character: There is no t in font nullfont!
Missing character: There is no h in font nullfont!
Missing character: There is no e in font nullfont!
Missing character: There is no c in font nullfont!
Missing character: There is no a in font nullfont!
Missing character: There is no r in font nullfont!
Missing character: There is no r in font nullfont!
Missing character: There is no i in font nullfont!
Missing character: There is no e in font nullfont!
Missing character: There is no r in font nullfont!
Missing character: There is no t in font nullfont!
Missing character: There is no y in font nullfont!
Missing character: There is no p in font nullfont!
Missing character: There is no e in font nullfont!
Missing character: There is no . in font nullfont!
Missing character: There is no I in font nullfont!
Missing character: There is no s in font nullfont!
Missing character: There is no u in font nullfont!
Missing character: There is no p in font nullfont!
Missing character: There is no p in font nullfont!
Missing character: There is no l in font nullfont!
Missing character: There is no y in font nullfont!
Missing character: There is no a in font nullfont!
Missing character: There is no l in font nullfont!
Missing character: There is no e in font nullfont!
Missing character: There is no m in font nullfont!
Missing character: There is no m in font nullfont!
Missing character: There is no a in font nullfont!
Missing character: There is no f in font nullfont!
Missing character: There is no o in font nullfont!
Missing character: There is no r in font nullfont!
Missing character: There is no e in font nullfont!
Missing character: There is no a in font nullfont!
Missing character: There is no c in font nullfont!
Missing character: There is no h in font nullfont!
Missing character: There is no p in font nullfont!
Missing character: There is no i in font nullfont!
Missing character: There is no e in font nullfont!
Missing character: There is no c in font nullfont!
Missing character: There is no e in font nullfont!
Missing character: There is no o in font nullfont!
Missing character: There is no f in font nullfont!
Missing character: There is no d in font nullfont!
Missing character: There is no a in font nullfont!
Missing character: There is no t in font nullfont!
Missing character: There is no a in font nullfont!
Missing character: There is no g in font nullfont!
Missing character: There is no o in font nullfont!
Missing character: There is no i in font nullfont!
Missing character: There is no n in font nullfont!
Missing character: There is no g in font nullfont!
Missing character: There is no i in font nullfont!
Missing character: There is no n in font nullfont!
Missing character: There is no t in font nullfont!
Missing character: There is no o in font nullfont!
Missing character: There is no a in font nullfont!
Missing character: There is no . in font nullfont!
Missing character: There is no A in font nullfont!
Missing character: There is no s in font nullfont!
Missing character: There is no a in font nullfont!
Missing character: There is no n in font nullfont!
Missing character: There is no e in font nullfont!
Missing character: There is no x in font nullfont!
Missing character: There is no a in font nullfont!
Missing character: There is no m in font nullfont!
Missing character: There is no p in font nullfont!
Missing character: There is no l in font nullfont!
Missing character: There is no e in font nullfont!
Missing character: There is no , in font nullfont!
Missing character: There is no w in font nullfont!
Missing character: There is no e in font nullfont!
Missing character: There is no l in font nullfont!
Missing character: There is no o in font nullfont!
Missing character: There is no o in font nullfont!
Missing character: There is no k in font nullfont!
Missing character: There is no a in font nullfont!
Missing character: There is no t in font nullfont!
Missing character: There is no . in font nullfont!

Overfull \hbox (20.0pt too wide) in paragraph at lines 80--84
[]
 []


Overfull \hbox (45.77959pt too wide) in paragraph at lines 80--84
\OT1/cmtt/m/n/10 comm[]ring
 []


Overfull \hbox (40.52963pt too wide) in paragraph at lines 80--84
\OT1/cmtt/m/n/10 add[]comm 
 []


./internalCompletenessAndSoundness.tex:85: LaTeX Error: Environment lstlisting 
undefined.

See the LaTeX manual or LaTeX Companion for explanation.
Type  H <return>  for immediate help.
 ...                                              
                                                  
l.85 \begin{lstlisting}
                       
Your command was ignored.
Type  I <command> <return>  to replace it with another command,
or  <return>  to continue without it.


./internalCompletenessAndSoundness.tex:86: LaTeX Error: Missing \begin{document
}.

See the LaTeX manual or LaTeX Companion for explanation.
Type  H <return>  for immediate help.
 ...                                              
                                                  
l.86 l
      emma add_comm (a b : M) : a + b = b + a :=
You're in trouble here.  Try typing  <return>  to proceed.
If that doesn't work, type  X <return>  to quit.

Missing character: There is no l in font nullfont!
Missing character: There is no e in font nullfont!
Missing character: There is no m in font nullfont!
Missing character: There is no m in font nullfont!
Missing character: There is no a in font nullfont!
Missing character: There is no a in font nullfont!
Missing character: There is no d in font nullfont!
Missing character: There is no d in font nullfont!
./internalCompletenessAndSoundness.tex:86: Missing $ inserted.
<inserted text> 
                $
l.86 lemma add_
               comm (a b : M) : a + b = b + a :=
I've inserted a begin-math/end-math symbol since I think
you left one out. Proceed, with fingers crossed.


./internalCompletenessAndSoundness.tex:91: LaTeX Error: \begin{document} ended 
by \end{lstlisting}.

See the LaTeX manual or LaTeX Companion for explanation.
Type  H <return>  for immediate help.
 ...                                              
                                                  
l.91 end\end{lstlisting}
                        
Your command was ignored.
Type  I <command> <return>  to replace it with another command,
or  <return>  to continue without it.

./internalCompletenessAndSoundness.tex:91: Missing $ inserted.
<inserted text> 
                $
l.91 end\end{lstlisting}
                        
I've inserted something that you may have forgotten.
(See the <inserted text> above.)
With luck, this will get me unwedged. But if you
really didn't forget anything, try typing `2' now; then
my insertion and my current dilemma will both disappear.


Overfull \hbox (20.0pt too wide) in paragraph at lines 86--92
[]
 []


Overfull \hbox (45.50319pt too wide) in paragraph at lines 86--92
[]\OML/cmm/m/it/10 omm\OT1/cmr/m/n/10 (\OML/cmm/m/it/10 ab \OT1/cmr/m/n/10 :
 []


Overfull \hbox (20.23605pt too wide) in paragraph at lines 86--92
\OML/cmm/m/it/10 M\OT1/cmr/m/n/10 ) :
 []


Overfull \hbox (13.06369pt too wide) in paragraph at lines 86--92
\OML/cmm/m/it/10 a \OT1/cmr/m/n/10 +
 []


Overfull \hbox (14.84717pt too wide) in paragraph at lines 86--92
\OML/cmm/m/it/10 b \OT1/cmr/m/n/10 =
 []


Overfull \hbox (12.06946pt too wide) in paragraph at lines 86--92
\OML/cmm/m/it/10 b \OT1/cmr/m/n/10 +
 []


Overfull \hbox (18.61919pt too wide) in paragraph at lines 86--92
\OML/cmm/m/it/10 a \OT1/cmr/m/n/10 :=
 []


Overfull \hbox (73.9139pt too wide) in paragraph at lines 86--92
\OML/cmm/m/it/10 beginhavehId \OT1/cmr/m/n/10 :=
 []


Overfull \hbox (223.48076pt too wide) in paragraph at lines 86--92
\OML/cmm/m/it/10 hring[]ignature:add[]omm[]n[]ing[]heory; havehab \OT1/cmr/m/n/
10 :=
 []


Overfull \hbox (94.15703pt too wide) in paragraph at lines 86--92
\OML/cmm/m/it/10 hIdba; simpa\OT1/cmr/m/n/10 [\OML/cmm/m/it/10 hab\OT1/cmr/m/n/
10 ]\OML/cmm/m/it/10 end$ 
 []


./internalCompletenessAndSoundness.tex:94: LaTeX Error: Environment lstlisting 
undefined.

See the LaTeX manual or LaTeX Companion for explanation.
Type  H <return>  for immediate help.
 ...                                              
                                                  
l.94 \begin{lstlisting}
                       
Your command was ignored.
Type  I <command> <return>  to replace it with another command,
or  <return>  to continue without it.


./internalCompletenessAndSoundness.tex:95: LaTeX Error: Missing \begin{document
}.

See the LaTeX manual or LaTeX Companion for explanation.
Type  H <return>  for immediate help.
 ...                                              
                                                  
l.95 i
      nstance comm_ring : comm_ring M :=
You're in trouble here.  Try typing  <return>  to proceed.
If that doesn't work, type  X <return>  to quit.

Missing character: There is no i in font nullfont!
Missing character: There is no n in font nullfont!
Missing character: There is no s in font nullfont!
Missing character: There is no t in font nullfont!
Missing character: There is no a in font nullfont!
Missing character: There is no n in font nullfont!
Missing character: There is no c in font nullfont!
Missing character: There is no e in font nullfont!
Missing character: There is no c in font nullfont!
Missing character: There is no o in font nullfont!
Missing character: There is no m in font nullfont!
Missing character: There is no m in font nullfont!
./internalCompletenessAndSoundness.tex:95: Missing $ inserted.
<inserted text> 
                $
l.95 instance comm_
                   ring : comm_ring M :=
I've inserted a begin-math/end-math symbol since I think
you left one out. Proceed, with fingers crossed.


./internalCompletenessAndSoundness.tex:113: LaTeX Error: \begin{document} ended
 by \end{lstlisting}.

See the LaTeX manual or LaTeX Companion for explanation.
Type  H <return>  for immediate help.
 ...                                              
                                                  
l.113 }\end{lstlisting}
                       
Your command was ignored.
Type  I <command> <return>  to replace it with another command,
or  <return>  to continue without it.

./internalCompletenessAndSoundness.tex:113: Missing $ inserted.
<inserted text> 
                $
l.113 }\end{lstlisting}
                       
I've inserted something that you may have forgotten.
(See the <inserted text> above.)
With luck, this will get me unwedged. But if you
really didn't forget anything, try typing `2' now; then
my insertion and my current dilemma will both disappear.


Overfull \hbox (20.0pt too wide) in paragraph at lines 95--114
[]
 []


Overfull \hbox (24.5597pt too wide) in paragraph at lines 95--114
[]\OML/cmm/m/it/10 ing \OT1/cmr/m/n/10 :
 []


Overfull \hbox (69.86421pt too wide) in paragraph at lines 95--114
\OML/cmm/m/it/10 comm[]ingM \OT1/cmr/m/n/10 :=
 []


Overfull \hbox (1402.41425pt too wide) in paragraph at lines 95--114
[]$ 
 []

./internalCompletenessAndSoundness.tex:116: Undefined control sequence.
l.116 \subsection
                 {Fields}
The control sequence at the end of the top line
of your error message was never \def'ed. If you have
misspelled it (e.g., `\hobx'), type `I' and the correct
spelling (e.g., `I\hbox'). Otherwise just continue,
and I'll forget about whatever was undefined.


./internalCompletenessAndSoundness.tex:116: LaTeX Error: Missing \begin{documen
t}.

See the LaTeX manual or LaTeX Companion for explanation.
Type  H <return>  for immediate help.
 ...                                              
                                                  
l.116 \subsection{F
                   ields}
You're in trouble here.  Try typing  <return>  to proceed.
If that doesn't work, type  X <return>  to quit.

Missing character: There is no F in font nullfont!
Missing character: There is no i in font nullfont!
Missing character: There is no e in font nullfont!
Missing character: There is no l in font nullfont!
Missing character: There is no d in font nullfont!
Missing character: There is no s in font nullfont!

Overfull \hbox (20.0pt too wide) in paragraph at lines 116--117
[] 
 []

./internalCompletenessAndSoundness.tex:118: Undefined control sequence.
l.118 \subsection
                 {Algebraically closed fields}
The control sequence at the end of the top line
of your error message was never \def'ed. If you have
misspelled it (e.g., `\hobx'), type `I' and the correct
spelling (e.g., `I\hbox'). Otherwise just continue,
and I'll forget about whatever was undefined.


./internalCompletenessAndSoundness.tex:118: LaTeX Error: Missing \begin{documen
t}.

See the LaTeX manual or LaTeX Companion for explanation.
Type  H <return>  for immediate help.
 ...                                              
                                                  
l.118 \subsection{A
                   lgebraically closed fields}
You're in trouble here.  Try typing  <return>  to proceed.
If that doesn't work, type  X <return>  to quit.

Missing character: There is no A in font nullfont!
Missing character: There is no l in font nullfont!
Missing character: There is no g in font nullfont!
Missing character: There is no e in font nullfont!
Missing character: There is no b in font nullfont!
Missing character: There is no r in font nullfont!
Missing character: There is no a in font nullfont!
Missing character: There is no i in font nullfont!
Missing character: There is no c in font nullfont!
Missing character: There is no a in font nullfont!
Missing character: There is no l in font nullfont!
Missing character: There is no l in font nullfont!
Missing character: There is no y in font nullfont!
Missing character: There is no c in font nullfont!
Missing character: There is no l in font nullfont!
Missing character: There is no o in font nullfont!
Missing character: There is no s in font nullfont!
Missing character: There is no e in font nullfont!
Missing character: There is no d in font nullfont!
Missing character: There is no f in font nullfont!
Missing character: There is no i in font nullfont!
Missing character: There is no e in font nullfont!
Missing character: There is no l in font nullfont!
Missing character: There is no d in font nullfont!
Missing character: There is no s in font nullfont!

Overfull \hbox (20.0pt too wide) in paragraph at lines 118--119
[]
 []

./internalCompletenessAndSoundness.tex:120: Undefined control sequence.
l.120 \subsection
                 {Characteristic}
The control sequence at the end of the top line
of your error message was never \def'ed. If you have
misspelled it (e.g., `\hobx'), type `I' and the correct
spelling (e.g., `I\hbox'). Otherwise just continue,
and I'll forget about whatever was undefined.


./internalCompletenessAndSoundness.tex:120: LaTeX Error: Missing \begin{documen
t}.

See the LaTeX manual or LaTeX Companion for explanation.
Type  H <return>  for immediate help.
 ...                                              
                                                  
l.120 \subsection{C
                   haracteristic}
You're in trouble here.  Try typing  <return>  to proceed.
If that doesn't work, type  X <return>  to quit.

Missing character: There is no C in font nullfont!
Missing character: There is no h in font nullfont!
Missing character: There is no a in font nullfont!
Missing character: There is no r in font nullfont!
Missing character: There is no a in font nullfont!
Missing character: There is no c in font nullfont!
Missing character: There is no t in font nullfont!
Missing character: There is no e in font nullfont!
Missing character: There is no r in font nullfont!
Missing character: There is no i in font nullfont!
Missing character: There is no s in font nullfont!
Missing character: There is no t in font nullfont!
Missing character: There is no i in font nullfont!
Missing character: There is no c in font nullfont!
)
! Emergency stop.
<*> internalCompletenessAndSoundness.tex
                                        
*** (job aborted, no legal \end found)

 
Here is how much of TeX's memory you used:
 34 strings out of 478353
 673 string characters out of 5854636
 301085 words of memory out of 5000000
 18260 multiletter control sequences out of 15000+600000
 403933 words of font info for 29 fonts, out of 8000000 for 9000
 1141 hyphenation exceptions out of 8191
 18i,4n,13p,163b,69s stack positions out of 5000i,500n,10000p,200000b,80000s
!  ==> Fatal error occurred, no output PDF file produced!
